Arguments: 
  /Users/dereklloyd/.nvm/versions/node/v10.13.0/bin/node /usr/local/bin/yarn add @react-native-community/cameraroll

PATH: 
  /Users/dereklloyd/.nvm/versions/node/v10.13.0/bin:/usr/local/bin:/usr/bin:/bin:/usr/sbin:/sbin:/Users/dereklloyd/Library/Android/sdk/tools:/Users/dereklloyd/Library/Android/sdk/platform-tools:/Users/dereklloyd/.yarn/bin

Yarn version: 
  0.21.3

Node version: 
  10.13.0

Platform: 
  darwin x64

npm manifest: 
  {
    "name": "empty-project-template",
    "main": "node_modules/expo/AppEntry.js",
    "private": true,
    "scripts": {
      "start": "expo start",
      "android": "expo start --android",
      "ios": "expo start --ios",
      "eject": "expo eject"
    },
    "dependencies": {
      "@expo/vector-icons": "^10.0.0",
      "expo": "^38.0.0",
      "expo-av": "~8.2.1",
      "expo-brightness": "~8.2.1",
      "expo-camera": "~8.3.1",
      "expo-file-system": "~9.0.1",
      "expo-image-picker": "~8.3.0",
      "expo-keep-awake": "~8.2.1",
      "expo-permissions": "~9.0.1",
      "expo-screen-orientation": "^1.0.0",
      "lodash": "^4.17.15",
      "moment": "^2.25.3",
      "native-base": "^2.13.12",
      "react": "16.11.0",
      "react-native": "https://github.com/expo/react-native/archive/sdk-38.0.2.tar.gz",
      "react-native-animatable": "^1.3.3",
      "react-native-app-intro-slider": "^4.0.2",
      "react-native-fit-image": "^1.5.5",
      "react-native-gesture-handler": "~1.6.0",
      "react-native-radio-buttons": "^1.0.0",
      "react-native-reanimated": "~1.9.0",
      "react-native-router-flux": "^4.0.0-beta.28",
      "react-native-safe-area-context": "~3.0.7",
      "react-native-screens": "~2.9.0"
    },
    "devDependencies": {
      "babel-preset-expo": "^8.2.3"
    }
  }

yarn manifest: 
  No manifest

Lockfile: 
  No lockfile

Trace: 
  Error: EACCES: permission denied, unlink '/Users/dereklloyd/Library/Caches/Yarn/npm-pngjs-5.0.0-e79dd2b215767fd9c04561c01236df960bce7fbb/.yarn-tarball.tgz'
